<?xml version="1.0" encoding="UTF-8"?>
<!-- Generated by org.testng.reporters.JUnitReportReporter -->
<testsuite skipped="0" hostname="DESKTOP-PTO" name="by.htp.citygameclient.TestClient" tests="3" failures="0" timestamp="14 июл 2017 06:10:42 GMT" time="0.030" errors="0">
  <testcase name="testLAnswer" time="0.002" classname="by.htp.citygameclient.TestClient"/>
  <testcase name="testServer" time="0.022" classname="by.htp.citygameclient.TestClient"/>
  <testcase name="testLastSymbol" time="0.006" classname="by.htp.citygameclient.TestClient"/>
</testsuite> <!-- by.htp.citygameclient.TestClient -->
